INFO:root:test
INFO:root:The scroll method is being used
DEBUG:selenium.webdriver.remote.remote_connection:POST http://localhost:59033/session/6eec2a85f95d54b857e684c3d1328602/url {'url': 'https://www.bottegaveneta.com/en-us/women/bags-2'}
DEBUG:urllib3.connectionpool:http://localhost:59033 "POST /session/6eec2a85f95d54b857e684c3d1328602/url HTTP/1.1" 200 0
DEBUG:selenium.webdriver.remote.remote_connection:Remote response: status=200 | data={"value":null} | headers=HTTPHeaderDict({'Content-Length': '14', 'Content-Type': 'application/json; charset=utf-8', 'cache-control': 'no-cache'})
DEBUG:selenium.webdriver.remote.remote_connection:Finished Request
DEBUG:selenium.webdriver.remote.remote_connection:POST http://localhost:59033/session/6eec2a85f95d54b857e684c3d1328602/element {'using': 'tag name', 'value': 'body'}
DEBUG:urllib3.connectionpool:http://localhost:59033 "POST /session/6eec2a85f95d54b857e684c3d1328602/element HTTP/1.1" 200 0
DEBUG:selenium.webdriver.remote.remote_connection:Remote response: status=200 | data={"value":{"element-6066-11e4-a52e-4f735466cecf":"f.46BB93C9F6295997561CCEF0317A2D0B.d.8DECC3CC8AD1A262EC365684EFAF4630.e.6"}} | headers=HTTPHeaderDict({'Content-Length': '125', 'Content-Type': 'application/json; charset=utf-8', 'cache-control': 'no-cache'})
DEBUG:selenium.webdriver.remote.remote_connection:Finished Request
DEBUG:selenium.webdriver.remote.remote_connection:POST http://localhost:59033/session/6eec2a85f95d54b857e684c3d1328602/execute/sync {'script': 'return document.body.scrollHeight', 'args': []}
DEBUG:urllib3.connectionpool:http://localhost:59033 "POST /session/6eec2a85f95d54b857e684c3d1328602/execute/sync HTTP/1.1" 200 0
DEBUG:selenium.webdriver.remote.remote_connection:Remote response: status=200 | data={"value":4420} | headers=HTTPHeaderDict({'Content-Length': '14', 'Content-Type': 'application/json; charset=utf-8', 'cache-control': 'no-cache'})
DEBUG:selenium.webdriver.remote.remote_connection:Finished Request
DEBUG:selenium.webdriver.remote.remote_connection:POST http://localhost:59033/session/6eec2a85f95d54b857e684c3d1328602/execute/sync {'script': 'window.scrollTo(0, document.body.scrollHeight);', 'args': []}
DEBUG:urllib3.connectionpool:http://localhost:59033 "POST /session/6eec2a85f95d54b857e684c3d1328602/execute/sync HTTP/1.1" 200 0
DEBUG:selenium.webdriver.remote.remote_connection:Remote response: status=200 | data={"value":null} | headers=HTTPHeaderDict({'Content-Length': '14', 'Content-Type': 'application/json; charset=utf-8', 'cache-control': 'no-cache'})
DEBUG:selenium.webdriver.remote.remote_connection:Finished Request
DEBUG:selenium.webdriver.remote.remote_connection:POST http://localhost:59033/session/6eec2a85f95d54b857e684c3d1328602/execute/sync {'script': 'window.scrollBy(0, -arguments[0]);', 'args': [300]}
DEBUG:urllib3.connectionpool:http://localhost:59033 "POST /session/6eec2a85f95d54b857e684c3d1328602/execute/sync HTTP/1.1" 200 0
DEBUG:selenium.webdriver.remote.remote_connection:Remote response: status=200 | data={"value":null} | headers=HTTPHeaderDict({'Content-Length': '14', 'Content-Type': 'application/json; charset=utf-8', 'cache-control': 'no-cache'})
DEBUG:selenium.webdriver.remote.remote_connection:Finished Request
DEBUG:selenium.webdriver.remote.remote_connection:POST http://localhost:59033/session/6eec2a85f95d54b857e684c3d1328602/execute/sync {'script': 'window.scrollTo(0, document.body.scrollHeight);', 'args': []}
DEBUG:urllib3.connectionpool:http://localhost:59033 "POST /session/6eec2a85f95d54b857e684c3d1328602/execute/sync HTTP/1.1" 200 0
DEBUG:selenium.webdriver.remote.remote_connection:Remote response: status=200 | data={"value":null} | headers=HTTPHeaderDict({'Content-Length': '14', 'Content-Type': 'application/json; charset=utf-8', 'cache-control': 'no-cache'})
DEBUG:selenium.webdriver.remote.remote_connection:Finished Request
DEBUG:selenium.webdriver.remote.remote_connection:POST http://localhost:59033/session/6eec2a85f95d54b857e684c3d1328602/execute/sync {'script': 'return document.body.scrollHeight', 'args': []}
DEBUG:urllib3.connectionpool:Resetting dropped connection: localhost
DEBUG:urllib3.util.retry:Incremented Retry for (url='/session/6eec2a85f95d54b857e684c3d1328602/execute/sync'): Retry(total=2, connect=None, read=None, redirect=None, status=None)
WARNING:urllib3.connectionpool:Retrying (Retry(total=2, connect=None, read=None, redirect=None, status=None)) after connection broken by 'NewConnectionError('<urllib3.connection.HTTPConnection object at 0x10407e2d0>: Failed to establish a new connection: [Errno 61] Connection refused')': /session/6eec2a85f95d54b857e684c3d1328602/execute/sync
DEBUG:urllib3.connectionpool:Starting new HTTP connection (2): localhost:59033
DEBUG:urllib3.util.retry:Incremented Retry for (url='/session/6eec2a85f95d54b857e684c3d1328602/execute/sync'): Retry(total=1, connect=None, read=None, redirect=None, status=None)
WARNING:urllib3.connectionpool:Retrying (Retry(total=1, connect=None, read=None, redirect=None, status=None)) after connection broken by 'NewConnectionError('<urllib3.connection.HTTPConnection object at 0x1022b0190>: Failed to establish a new connection: [Errno 61] Connection refused')': /session/6eec2a85f95d54b857e684c3d1328602/execute/sync
DEBUG:urllib3.connectionpool:Starting new HTTP connection (3): localhost:59033
DEBUG:urllib3.util.retry:Incremented Retry for (url='/session/6eec2a85f95d54b857e684c3d1328602/execute/sync'): Retry(total=0, connect=None, read=None, redirect=None, status=None)
WARNING:urllib3.connectionpool:Retrying (Retry(total=0, connect=None, read=None, redirect=None, status=None)) after connection broken by 'NewConnectionError('<urllib3.connection.HTTPConnection object at 0x1022b11d0>: Failed to establish a new connection: [Errno 61] Connection refused')': /session/6eec2a85f95d54b857e684c3d1328602/execute/sync
DEBUG:urllib3.connectionpool:Starting new HTTP connection (4): localhost:59033
